<?xml version="1.0" encoding="UTF-8"?>
<testng-results ignored="0" total="1" passed="1" failed="0" skipped="0">
  <reporter-output>
  </reporter-output>
  <suite started-at="2024-05-28T15:34:07 IST" name="Default suite" finished-at="2024-05-28T15:34:07 IST" duration-ms="77">
    <groups>
    </groups>
    <test started-at="2024-05-28T15:34:07 IST" name="Default test" finished-at="2024-05-28T15:34:07 IST" duration-ms="77">
      <class name="Practise.Time">
        <test-method signature="getTime()[pri:0, instance:Practise.Time@34f7cfd9]" started-at="2024-05-28T15:34:07 IST" name="getTime" finished-at="2024-05-28T15:34:07 IST" duration-ms="51" status="PASS">
          <reporter-output>
          </reporter-output>
        </test-method> <!-- getTime -->
      </class> <!-- Practise.Time -->
    </test> <!-- Default test -->
  </suite> <!-- Default suite -->
</testng-results>
